# JRE version: 7.0_11-b21
# Java VM: Java HotSpot(TM) 64-Bit Server VM (23.6-b04 mixed mode windows-amd64 compressed oops)
Heap
 PSYoungGen      total 75008K, used 16512K [0x00000000fa000000, 0x0000000100000000, 0x0000000100000000)
  eden space 58496K, 0% used [0x00000000fa000000,0x00000000fa000000,0x00000000fd920000)
  from space 16512K, 100% used [0x00000000fefe0000,0x0000000100000000,0x0000000100000000)
  to   space 19904K, 0% used [0x00000000fd920000,0x00000000fd920000,0x00000000fec90000)
 ParOldGen       total 267456K, used 264633K [0x00000000e8000000, 0x00000000f8530000, 0x00000000fa000000)
  object space 267456K, 98% used [0x00000000e8000000,0x00000000f826e618,0x00000000f8530000)
 PSPermGen       total 108288K, used 68568K [0x00000000e0000000, 0x00000000e69c0000, 0x00000000e8000000)
  object space 108288K, 63% used [0x00000000e0000000,0x00000000e42f6230,0x00000000e69c0000)
GC Heap History (10 events):
Event: 7290.843 GC heap after
Heap after GC invocations=355 (full 5):
 PSYoungGen      total 70656K, used 6528K [0x00000000fa000000, 0x00000000ff4c0000, 0x0000000100000000)
  eden space 64128K, 0% used [0x00000000fa000000,0x00000000fa000000,0x00000000fdea0000)
  from space 6528K, 100% used [0x00000000fe710000,0x00000000fed70000,0x00000000fed70000)
  to   space 8640K, 0% used [0x00000000fdea0000,0x00000000fdea0000,0x00000000fe710000)
 ParOldGen       total 267456K, used 253478K [0x00000000e8000000, 0x00000000f8530000, 0x00000000fa000000)
  object space 267456K, 94% used [0x00000000e8000000,0x00000000f7789a60,0x00000000f8530000)
 PSPermGen       total 108288K, used 68567K [0x00000000e0000000, 0x00000000e69c0000, 0x00000000e8000000)
  object space 108288K, 63% used [0x00000000e0000000,0x00000000e42f5e28,0x00000000e69c0000)
}
Event: 7291.211 GC heap before
{Heap before GC invocations=356 (full 5):
 PSYoungGen      total 70656K, used 70656K [0x00000000fa000000, 0x00000000ff4c0000, 0x0000000100000000)
  eden space 64128K, 100% used [0x00000000fa000000,0x00000000fdea0000,0x00000000fdea0000)
  from space 6528K, 100% used [0x00000000fe710000,0x00000000fed70000,0x00000000fed70000)
  to   space 8640K, 0% used [0x00000000fdea0000,0x00000000fdea0000,0x00000000fe710000)
 ParOldGen       total 267456K, used 253478K [0x00000000e8000000, 0x00000000f8530000, 0x00000000fa000000)
  object space 267456K, 94% used [0x00000000e8000000,0x00000000f7789a60,0x00000000f8530000)
 PSPermGen       total 108288K, used 68568K [0x00000000e0000000, 0x00000000e69c0000, 0x00000000e8000000)
  object space 108288K, 63% used [0x00000000e0000000,0x00000000e42f6230,0x00000000e69c0000)
Event: 7291.231 GC heap after
Heap after GC invocations=356 (full 5):
 PSYoungGen      total 72768K, used 8640K [0x00000000fa000000, 0x00000000ff870000, 0x0000000100000000)
  eden space 64128K, 0% used [0x00000000fa000000,0x00000000fa000000,0x00000000fdea0000)
  from space 8640K, 100% used [0x00000000fdea0000,0x00000000fe710000,0x00000000fe710000)
  to   space 10880K, 0% used [0x00000000fedd0000,0x00000000fedd0000,0x00000000ff870000)
 ParOldGen       total 267456K, used 256521K [0x00000000e8000000, 0x00000000f8530000, 0x00000000fa000000)
  object space 267456K, 95% used [0x00000000e8000000,0x00000000f7a825d8,0x00000000f8530000)
 PSPermGen       total 108288K, used 68568K [0x00000000e0000000, 0x00000000e69c0000, 0x00000000e8000000)
  object space 108288K, 63% used [0x00000000e0000000,0x00000000e42f6230,0x00000000e69c0000)
}
Event: 7291.621 GC heap before
{Heap before GC invocations=357 (full 5):
 PSYoungGen      total 72768K, used 72768K [0x00000000fa000000, 0x00000000ff870000, 0x0000000100000000)
  eden space 64128K, 100% used [0x00000000fa000000,0x00000000fdea0000,0x00000000fdea0000)
  from space 8640K, 100% used [0x00000000fdea0000,0x00000000fe710000,0x00000000fe710000)
  to   space 10880K, 0% used [0x00000000fedd0000,0x00000000fedd0000,0x00000000ff870000)
 ParOldGen       total 267456K, used 256521K [0x00000000e8000000, 0x00000000f8530000, 0x00000000fa000000)
  object space 267456K, 95% used [0x00000000e8000000,0x00000000f7a825d8,0x00000000f8530000)
 PSPermGen       total 108288K, used 68568K [0x00000000e0000000, 0x00000000e69c0000, 0x00000000e8000000)
  object space 108288K, 63% used [0x00000000e0000000,0x00000000e42f6230,0x00000000e69c0000)
Event: 7291.646 GC heap after
Heap after GC invocations=357 (full 5):
 PSYoungGen      total 77056K, used 10880K [0x00000000fa000000, 0x00000000ffe90000, 0x0000000100000000)
  eden space 66176K, 0% used [0x00000000fa000000,0x00000000fa000000,0x00000000fe0a0000)
  from space 10880K, 100% used [0x00000000fedd0000,0x00000000ff870000,0x00000000ff870000)
  to   space 13504K, 0% used [0x00000000fe0a0000,0x00000000fe0a0000,0x00000000fedd0000)
 ParOldGen       total 267456K, used 259503K [0x00000000e8000000, 0x00000000f8530000, 0x00000000fa000000)
  object space 267456K, 97% used [0x00000000e8000000,0x00000000f7d6be80,0x00000000f8530000)
 PSPermGen       total 108288K, used 68568K [0x00000000e0000000, 0x00000000e69c0000, 0x00000000e8000000)
  object space 108288K, 63% used [0x00000000e0000000,0x00000000e42f6230,0x00000000e69c0000)
}
Event: 7292.041 GC heap before
{Heap before GC invocations=358 (full 5):
 PSYoungGen      total 77056K, used 77056K [0x00000000fa000000, 0x00000000ffe90000, 0x0000000100000000)
  eden space 66176K, 100% used [0x00000000fa000000,0x00000000fe0a0000,0x00000000fe0a0000)
  from space 10880K, 100% used [0x00000000fedd0000,0x00000000ff870000,0x00000000ff870000)
  to   space 13504K, 0% used [0x00000000fe0a0000,0x00000000fe0a0000,0x00000000fedd0000)
 ParOldGen       total 267456K, used 259503K [0x00000000e8000000, 0x00000000f8530000, 0x00000000fa000000)
  object space 267456K, 97% used [0x00000000e8000000,0x00000000f7d6be80,0x00000000f8530000)
 PSPermGen       total 108288K, used 68568K [0x00000000e0000000, 0x00000000e69c0000, 0x00000000e8000000)
  object space 108288K, 63% used [0x00000000e0000000,0x00000000e42f6230,0x00000000e69c0000)
Event: 7292.070 GC heap after
Heap after GC invocations=358 (full 5):
 PSYoungGen      total 79680K, used 13504K [0x00000000fa000000, 0x0000000100000000, 0x0000000100000000)
  eden space 66176K, 0% used [0x00000000fa000000,0x00000000fa000000,0x00000000fe0a0000)
  from space 13504K, 100% used [0x00000000fe0a0000,0x00000000fedd0000,0x00000000fedd0000)
  to   space 16512K, 0% used [0x00000000fefe0000,0x00000000fefe0000,0x0000000100000000)
 ParOldGen       total 267456K, used 262339K [0x00000000e8000000, 0x00000000f8530000, 0x00000000fa000000)
  object space 267456K, 98% used [0x00000000e8000000,0x00000000f8030d70,0x00000000f8530000)
 PSPermGen       total 108288K, used 68568K [0x00000000e0000000, 0x00000000e69c0000, 0x00000000e8000000)
  object space 108288K, 63% used [0x00000000e0000000,0x00000000e42f6230,0x00000000e69c0000)
}
Event: 7292.478 GC heap before
{Heap before GC invocations=359 (full 5):
 PSYoungGen      total 79680K, used 79680K [0x00000000fa000000, 0x0000000100000000, 0x0000000100000000)
  eden space 66176K, 100% used [0x00000000fa000000,0x00000000fe0a0000,0x00000000fe0a0000)
  from space 13504K, 100% used [0x00000000fe0a0000,0x00000000fedd0000,0x00000000fedd0000)
  to   space 16512K, 0% used [0x00000000fefe0000,0x00000000fefe0000,0x0000000100000000)
 ParOldGen       total 267456K, used 262339K [0x00000000e8000000, 0x00000000f8530000, 0x00000000fa000000)
  object space 267456K, 98% used [0x00000000e8000000,0x00000000f8030d70,0x00000000f8530000)
 PSPermGen       total 108288K, used 68568K [0x00000000e0000000, 0x00000000e69c0000, 0x00000000e8000000)
  object space 108288K, 63% used [0x00000000e0000000,0x00000000e42f6230,0x00000000e69c0000)
Event: 7292.515 GC heap after
Heap after GC invocations=359 (full 5):
 PSYoungGen      total 75008K, used 16512K [0x00000000fa000000, 0x0000000100000000, 0x0000000100000000)
  eden space 58496K, 0% used [0x00000000fa000000,0x00000000fa000000,0x00000000fd920000)
  from space 16512K, 100% used [0x00000000fefe0000,0x0000000100000000,0x0000000100000000)
  to   space 19904K, 0% used [0x00000000fd920000,0x00000000fd920000,0x00000000fec90000)
 ParOldGen       total 267456K, used 264633K [0x00000000e8000000, 0x00000000f8530000, 0x00000000fa000000)
  object space 267456K, 98% used [0x00000000e8000000,0x00000000f826e618,0x00000000f8530000)
 PSPermGen       total 108288K, used 68568K [0x00000000e0000000, 0x00000000e69c0000, 0x00000000e8000000)
  object space 108288K, 63% used [0x00000000e0000000,0x00000000e42f6230,0x00000000e69c0000)
}
Event: 7292.515 GC heap before
{Heap before GC invocations=360 (full 6):
 PSYoungGen      total 75008K, used 16512K [0x00000000fa000000, 0x0000000100000000, 0x0000000100000000)
  eden space 58496K, 0% used [0x00000000fa000000,0x00000000fa000000,0x00000000fd920000)
  from space 16512K, 100% used [0x00000000fefe0000,0x0000000100000000,0x0000000100000000)
  to   space 19904K, 0% used [0x00000000fd920000,0x00000000fd920000,0x00000000fec90000)
 ParOldGen       total 267456K, used 264633K [0x00000000e8000000, 0x00000000f8530000, 0x00000000fa000000)
  object space 267456K, 98% used [0x00000000e8000000,0x00000000f826e618,0x00000000f8530000)
 PSPermGen       total 108288K, used 68568K [0x00000000e0000000, 0x00000000e69c0000, 0x00000000e8000000)
  object space 108288K, 63% used [0x00000000e0000000,0x00000000e42f6230,0x00000000e69c0000)

